{
"contracts/ConversionContract.sol":{"l":{"17":0,"23":0,"24":0,"43":0,"45":0,"46":0,"47":0,"48":0,"49":0,"53":0,"57":0,"58":0,"59":0,"61":0,"63":0,"73":0,"74":0},"path":"/home/qb/git/daodesigner/Revenue-Sharing-Source/packages/contracts/contracts/ConversionContract.sol","s":{"1":0,"2":0,"3":0,"4":0,"5":0,"6":0,"7":0,"8":0},"b":{"1":[0,0],"2":[0,0],"3":[0,0],"4":[0,0]},"f":{"1":0,"2":0,"3":0,"4":0,"5":0,"6":0},"fnMap":{"1":{"name":"setStorageContract","line":16,"loc":{"start":{"line":16,"column":4},"end":{"line":18,"column":4}}},"2":{"name":"onlyController","line":22,"loc":{"start":{"line":22,"column":4},"end":{"line":25,"column":4}}},"3":{"name":"constructor","line":27,"loc":{"start":{"line":27,"column":4},"end":{"line":34,"column":2}}},"4":{"name":"initialize","line":36,"loc":{"start":{"line":36,"column":4},"end":{"line":50,"column":4}}},"5":{"name":"initialApprove","line":52,"loc":{"start":{"line":52,"column":4},"end":{"line":54,"column":4}}},"6":{"name":"convertUSDTtoUSDC","line":56,"loc":{"start":{"line":56,"column":4},"end":{"line":75,"column":3}}}},"statementMap":{"1":{"start":{"line":23,"column":8},"end":{"line":23,"column":88}},"2":{"start":{"line":43,"column":8},"end":{"line":43,"column":76}},"3":{"start":{"line":53,"column":8},"end":{"line":53,"column":79}},"4":{"start":{"line":57,"column":7},"end":{"line":57,"column":47}},"5":{"start":{"line":61,"column":7},"end":{"line":61,"column":50}},"6":{"start":{"line":63,"column":7},"end":{"line":63,"column":1919}},"7":{"start":{"line":73,"column":7},"end":{"line":73,"column":60}},"8":{"start":{"line":74,"column":7},"end":{"line":74,"column":23}}},"branchMap":{"1":{"line":23,"type":"if","locations":[{"start":{"line":23,"column":8},"end":{"line":23,"column":8}},{"start":{"line":23,"column":8},"end":{"line":23,"column":8}}]},"2":{"line":43,"type":"if","locations":[{"start":{"line":43,"column":8},"end":{"line":43,"column":8}},{"start":{"line":43,"column":8},"end":{"line":43,"column":8}}]},"3":{"line":52,"type":"if","locations":[{"start":{"line":52,"column":39},"end":{"line":52,"column":39}},{"start":{"line":52,"column":39},"end":{"line":52,"column":39}}]},"4":{"line":56,"type":"if","locations":[{"start":{"line":56,"column":84},"end":{"line":56,"column":84}},{"start":{"line":56,"column":84},"end":{"line":56,"column":84}}]}}},
"contracts/EventEscrow.sol":{"l":{"12":1,"13":1,"19":6,"20":6,"21":6,"22":6,"23":13,"28":1,"29":1,"31":1,"32":2,"33":2,"34":2,"35":2},"path":"/home/qb/git/daodesigner/Revenue-Sharing-Source/packages/contracts/contracts/EventEscrow.sol","s":{"1":1,"2":6,"3":6,"4":1,"5":1,"6":1,"7":2,"8":2,"9":2,"10":2},"b":{"1":[1,0],"2":[6,0],"3":[1,0],"4":[1,0]},"f":{"1":1,"2":6,"3":1},"fnMap":{"1":{"name":"onlyBeneficiary","line":11,"loc":{"start":{"line":11,"column":4},"end":{"line":14,"column":4}}},"2":{"name":"constructor","line":18,"loc":{"start":{"line":18,"column":4},"end":{"line":25,"column":4}}},"3":{"name":"distributePayments","line":27,"loc":{"start":{"line":27,"column":4},"end":{"line":37,"column":4}}}},"statementMap":{"1":{"start":{"line":12,"column":8},"end":{"line":12,"column":60}},"2":{"start":{"line":19,"column":8},"end":{"line":19,"column":94}},"3":{"start":{"line":22,"column":8},"end":{"line":22,"column":723}},"4":{"start":{"line":28,"column":8},"end":{"line":28,"column":64}},"5":{"start":{"line":29,"column":8},"end":{"line":29,"column":58}},"6":{"start":{"line":31,"column":8},"end":{"line":31,"column":1040}},"7":{"start":{"line":32,"column":12},"end":{"line":32,"column":50}},"8":{"start":{"line":33,"column":12},"end":{"line":33,"column":70}},"9":{"start":{"line":34,"column":12},"end":{"line":34,"column":51}},"10":{"start":{"line":35,"column":12},"end":{"line":35,"column":57}}},"branchMap":{"1":{"line":12,"type":"if","locations":[{"start":{"line":12,"column":8},"end":{"line":12,"column":8}},{"start":{"line":12,"column":8},"end":{"line":12,"column":8}}]},"2":{"line":19,"type":"if","locations":[{"start":{"line":19,"column":8},"end":{"line":19,"column":8}},{"start":{"line":19,"column":8},"end":{"line":19,"column":8}}]},"3":{"line":27,"type":"if","locations":[{"start":{"line":27,"column":43},"end":{"line":27,"column":43}},{"start":{"line":27,"column":43},"end":{"line":27,"column":43}}]},"4":{"line":29,"type":"if","locations":[{"start":{"line":29,"column":8},"end":{"line":29,"column":8}},{"start":{"line":29,"column":8},"end":{"line":29,"column":8}}]}}},
"contracts/EventOrganizerService.sol":{"l":{"15":2,"16":2,"27":7,"29":6,"30":6,"31":6,"32":6},"path":"/home/qb/git/daodesigner/Revenue-Sharing-Source/packages/contracts/contracts/EventOrganizerService.sol","s":{"1":7,"2":6,"3":6,"4":6},"b":{"1":[6,1]},"f":{"1":2,"2":7},"fnMap":{"1":{"name":"constructor","line":14,"loc":{"start":{"line":14,"column":4},"end":{"line":17,"column":4}}},"2":{"name":"organizeExhibit","line":19,"loc":{"start":{"line":19,"column":4},"end":{"line":33,"column":4}}}},"statementMap":{"1":{"start":{"line":27,"column":8},"end":{"line":27,"column":93}},"2":{"start":{"line":29,"column":8},"end":{"line":29,"column":81}},"3":{"start":{"line":30,"column":8},"end":{"line":30,"column":101}},"4":{"start":{"line":32,"column":8},"end":{"line":32,"column":81}}},"branchMap":{"1":{"line":27,"type":"if","locations":[{"start":{"line":27,"column":8},"end":{"line":27,"column":8}},{"start":{"line":27,"column":8},"end":{"line":27,"column":8}}]}}},
"contracts/ExhibitNFT.sol":{"l":{"24":6,"25":6,"26":6,"30":4,"31":4,"32":4,"33":4,"34":4},"path":"/home/qb/git/daodesigner/Revenue-Sharing-Source/packages/contracts/contracts/ExhibitNFT.sol","s":{"1":4,"2":4,"3":4,"4":4},"b":{"1":[4,0]},"f":{"1":6,"2":4},"fnMap":{"1":{"name":"constructor","line":23,"loc":{"start":{"line":17,"column":2},"end":{"line":27,"column":2}}},"2":{"name":"mintTicket","line":29,"loc":{"start":{"line":29,"column":2},"end":{"line":35,"column":2}}}},"statementMap":{"1":{"start":{"line":30,"column":4},"end":{"line":30,"column":33}},"2":{"start":{"line":32,"column":4},"end":{"line":32,"column":25}},"3":{"start":{"line":33,"column":4},"end":{"line":33,"column":34}},"4":{"start":{"line":34,"column":4},"end":{"line":34,"column":18}}},"branchMap":{"1":{"line":29,"type":"if","locations":[{"start":{"line":29,"column":43},"end":{"line":29,"column":43}},{"start":{"line":29,"column":43},"end":{"line":29,"column":43}}]}}},
"contracts/MUSDC.sol":{"l":{"11":3},"path":"/home/qb/git/daodesigner/Revenue-Sharing-Source/packages/contracts/contracts/MUSDC.sol","s":{"1":3},"b":{},"f":{"1":3},"fnMap":{"1":{"name":"constructor","line":10,"loc":{"start":{"line":10,"column":4},"end":{"line":12,"column":4}}}},"statementMap":{"1":{"start":{"line":11,"column":8},"end":{"line":11,"column":40}}},"branchMap":{}},
"contracts/Museum.sol":{"l":{"15":2,"22":4,"23":4,"27":4,"28":4,"30":4,"31":4,"34":4,"35":4,"37":4,"39":4,"46":1,"47":1},"path":"/home/qb/git/daodesigner/Revenue-Sharing-Source/packages/contracts/contracts/Museum.sol","s":{"1":4,"2":4,"3":4,"4":4,"5":4,"6":4,"7":4,"8":4,"9":4,"10":1,"11":1},"b":{"1":[4,1],"2":[4,0],"3":[4,0]},"f":{"1":2,"2":4,"3":4,"4":1},"fnMap":{"1":{"name":"constructor","line":14,"loc":{"start":{"line":14,"column":4},"end":{"line":16,"column":4}}},"2":{"name":"curateExhibit","line":21,"loc":{"start":{"line":18,"column":4},"end":{"line":24,"column":4}}},"3":{"name":"purchaseTicket","line":26,"loc":{"start":{"line":26,"column":4},"end":{"line":40,"column":4}}},"4":{"name":"verifyTicketOwnership","line":42,"loc":{"start":{"line":42,"column":4},"end":{"line":48,"column":4}}}},"statementMap":{"1":{"start":{"line":23,"column":8},"end":{"line":23,"column":38}},"2":{"start":{"line":27,"column":8},"end":{"line":27,"column":48}},"3":{"start":{"line":28,"column":8},"end":{"line":28,"column":73}},"4":{"start":{"line":30,"column":8},"end":{"line":30,"column":51}},"5":{"start":{"line":31,"column":8},"end":{"line":31,"column":68}},"6":{"start":{"line":34,"column":8},"end":{"line":34,"column":57}},"7":{"start":{"line":35,"column":8},"end":{"line":35,"column":69}},"8":{"start":{"line":37,"column":8},"end":{"line":37,"column":56}},"9":{"start":{"line":39,"column":8},"end":{"line":39,"column":60}},"10":{"start":{"line":46,"column":8},"end":{"line":46,"column":48}},"11":{"start":{"line":47,"column":8},"end":{"line":47,"column":42}}},"branchMap":{"1":{"line":21,"type":"if","locations":[{"start":{"line":21,"column":15},"end":{"line":21,"column":15}},{"start":{"line":21,"column":15},"end":{"line":21,"column":15}}]},"2":{"line":28,"type":"if","locations":[{"start":{"line":28,"column":8},"end":{"line":28,"column":8}},{"start":{"line":28,"column":8},"end":{"line":28,"column":8}}]},"3":{"line":31,"type":"if","locations":[{"start":{"line":31,"column":8},"end":{"line":31,"column":8}},{"start":{"line":31,"column":8},"end":{"line":31,"column":8}}]}}}}
