{
"contracts/ArtifactNFT.sol":{"l":{"19":10,"23":2,"24":2,"29":1,"36":1,"40":0},"path":"/home/thomasmg/SummitShare/Source/Revenue-Sharing-Source/packages/contracts/contracts/ArtifactNFT.sol","s":{"1":2,"2":2,"3":1,"4":1},"b":{"1":[2,0],"2":[0,0]},"f":{"1":10,"2":2,"3":1,"4":1,"5":0},"fnMap":{"1":{"name":"constructor","line":18,"loc":{"start":{"line":13,"column":4},"end":{"line":20,"column":4}}},"2":{"name":"mint","line":22,"loc":{"start":{"line":22,"column":4},"end":{"line":25,"column":4}}},"3":{"name":"_baseURI","line":28,"loc":{"start":{"line":28,"column":4},"end":{"line":30,"column":4}}},"4":{"name":"tokenURI","line":32,"loc":{"start":{"line":32,"column":7},"end":{"line":37,"column":4}}},"5":{"name":"setBaseURI","line":39,"loc":{"start":{"line":39,"column":4},"end":{"line":41,"column":4}}}},"statementMap":{"1":{"start":{"line":23,"column":8},"end":{"line":23,"column":26}},"2":{"start":{"line":24,"column":8},"end":{"line":24,"column":33}},"3":{"start":{"line":29,"column":8},"end":{"line":29,"column":22}},"4":{"start":{"line":36,"column":8},"end":{"line":36,"column":87}}},"branchMap":{"1":{"line":22,"type":"if","locations":[{"start":{"line":22,"column":57},"end":{"line":22,"column":57}},{"start":{"line":22,"column":57},"end":{"line":22,"column":57}}]},"2":{"line":39,"type":"if","locations":[{"start":{"line":39,"column":59},"end":{"line":39,"column":59}},{"start":{"line":39,"column":59},"end":{"line":39,"column":59}}]}}},
"contracts/ConversionContract.sol":{"l":{"17":0,"23":0,"24":0,"43":0,"45":0,"46":0,"47":0,"48":0,"49":0,"53":0,"57":0,"58":0,"59":0,"61":0,"63":0,"73":0,"74":0},"path":"/home/thomasmg/SummitShare/Source/Revenue-Sharing-Source/packages/contracts/contracts/ConversionContract.sol","s":{"1":0,"2":0,"3":0,"4":0,"5":0,"6":0,"7":0,"8":0},"b":{"1":[0,0],"2":[0,0],"3":[0,0],"4":[0,0]},"f":{"1":0,"2":0,"3":0,"4":0,"5":0,"6":0},"fnMap":{"1":{"name":"setStorageContract","line":16,"loc":{"start":{"line":16,"column":4},"end":{"line":18,"column":4}}},"2":{"name":"onlyController","line":22,"loc":{"start":{"line":22,"column":4},"end":{"line":25,"column":4}}},"3":{"name":"constructor","line":27,"loc":{"start":{"line":27,"column":4},"end":{"line":34,"column":2}}},"4":{"name":"initialize","line":36,"loc":{"start":{"line":36,"column":4},"end":{"line":50,"column":4}}},"5":{"name":"initialApprove","line":52,"loc":{"start":{"line":52,"column":4},"end":{"line":54,"column":4}}},"6":{"name":"convertUSDTtoUSDC","line":56,"loc":{"start":{"line":56,"column":4},"end":{"line":75,"column":3}}}},"statementMap":{"1":{"start":{"line":23,"column":8},"end":{"line":23,"column":88}},"2":{"start":{"line":43,"column":8},"end":{"line":43,"column":76}},"3":{"start":{"line":53,"column":8},"end":{"line":53,"column":79}},"4":{"start":{"line":57,"column":7},"end":{"line":57,"column":47}},"5":{"start":{"line":61,"column":7},"end":{"line":61,"column":50}},"6":{"start":{"line":63,"column":7},"end":{"line":63,"column":1919}},"7":{"start":{"line":73,"column":7},"end":{"line":73,"column":60}},"8":{"start":{"line":74,"column":7},"end":{"line":74,"column":23}}},"branchMap":{"1":{"line":23,"type":"if","locations":[{"start":{"line":23,"column":8},"end":{"line":23,"column":8}},{"start":{"line":23,"column":8},"end":{"line":23,"column":8}}]},"2":{"line":43,"type":"if","locations":[{"start":{"line":43,"column":8},"end":{"line":43,"column":8}},{"start":{"line":43,"column":8},"end":{"line":43,"column":8}}]},"3":{"line":52,"type":"if","locations":[{"start":{"line":52,"column":39},"end":{"line":52,"column":39}},{"start":{"line":52,"column":39},"end":{"line":52,"column":39}}]},"4":{"line":56,"type":"if","locations":[{"start":{"line":56,"column":84},"end":{"line":56,"column":84}},{"start":{"line":56,"column":84},"end":{"line":56,"column":84}}]}}},
"contracts/EventEscrow.sol":{"l":{"13":2,"14":2,"30":13,"34":13,"35":13,"37":13,"38":27,"39":27,"41":13,"50":2,"51":2,"53":2,"54":4,"55":4,"57":4,"58":4,"63":0},"path":"/home/thomasmg/SummitShare/Source/Revenue-Sharing-Source/packages/contracts/contracts/EventEscrow.sol","s":{"1":2,"2":13,"3":13,"4":13,"5":2,"6":2,"7":2,"8":4,"9":4,"10":4,"11":4,"12":0},"b":{"1":[2,0],"2":[13,0],"3":[2,0],"4":[2,0]},"f":{"1":2,"2":13,"3":2,"4":0},"fnMap":{"1":{"name":"onlyBeneficiary","line":12,"loc":{"start":{"line":12,"column":4},"end":{"line":15,"column":4}}},"2":{"name":"constructor","line":25,"loc":{"start":{"line":25,"column":4},"end":{"line":47,"column":4}}},"3":{"name":"distributePayments","line":49,"loc":{"start":{"line":49,"column":4},"end":{"line":60,"column":4}}},"4":{"name":"numBeneficiaries","line":62,"loc":{"start":{"line":62,"column":4},"end":{"line":64,"column":4}}}},"statementMap":{"1":{"start":{"line":13,"column":8},"end":{"line":13,"column":60}},"2":{"start":{"line":30,"column":8},"end":{"line":30,"column":789}},"3":{"start":{"line":37,"column":8},"end":{"line":37,"column":994}},"4":{"start":{"line":41,"column":8},"end":{"line":41,"column":1156}},"5":{"start":{"line":50,"column":8},"end":{"line":50,"column":64}},"6":{"start":{"line":51,"column":8},"end":{"line":51,"column":58}},"7":{"start":{"line":53,"column":8},"end":{"line":53,"column":1512}},"8":{"start":{"line":54,"column":12},"end":{"line":54,"column":50}},"9":{"start":{"line":55,"column":12},"end":{"line":55,"column":1645}},"10":{"start":{"line":57,"column":12},"end":{"line":57,"column":51}},"11":{"start":{"line":58,"column":12},"end":{"line":58,"column":69}},"12":{"start":{"line":63,"column":8},"end":{"line":63,"column":35}}},"branchMap":{"1":{"line":13,"type":"if","locations":[{"start":{"line":13,"column":8},"end":{"line":13,"column":8}},{"start":{"line":13,"column":8},"end":{"line":13,"column":8}}]},"2":{"line":30,"type":"if","locations":[{"start":{"line":30,"column":8},"end":{"line":30,"column":8}},{"start":{"line":30,"column":8},"end":{"line":30,"column":8}}]},"3":{"line":49,"type":"if","locations":[{"start":{"line":49,"column":43},"end":{"line":49,"column":43}},{"start":{"line":49,"column":43},"end":{"line":49,"column":43}}]},"4":{"line":51,"type":"if","locations":[{"start":{"line":51,"column":8},"end":{"line":51,"column":8}},{"start":{"line":51,"column":8},"end":{"line":51,"column":8}}]}}},
"contracts/EventOrganizerService.sol":{"l":{"28":5,"29":5,"46":0,"48":0,"83":13,"89":12,"95":12,"106":12,"108":12,"119":3},"path":"/home/thomasmg/SummitShare/Source/Revenue-Sharing-Source/packages/contracts/contracts/EventOrganizerService.sol","s":{"1":0,"2":0,"3":13,"4":12,"5":12,"6":12,"7":3},"b":{"1":[12,1]},"f":{"1":5,"2":0,"3":13,"4":3},"fnMap":{"1":{"name":"constructor","line":27,"loc":{"start":{"line":27,"column":4},"end":{"line":30,"column":4}}},"2":{"name":"deployArtifactNFT","line":39,"loc":{"start":{"line":39,"column":4},"end":{"line":55,"column":4}}},"3":{"name":"organizeExhibit","line":70,"loc":{"start":{"line":70,"column":4},"end":{"line":114,"column":4}}},"4":{"name":"getExhibitNFTAddress","line":116,"loc":{"start":{"line":116,"column":4},"end":{"line":120,"column":4}}}},"statementMap":{"1":{"start":{"line":46,"column":8},"end":{"line":46,"column":79}},"2":{"start":{"line":48,"column":8},"end":{"line":48,"column":1489}},"3":{"start":{"line":83,"column":8},"end":{"line":83,"column":2808}},"4":{"start":{"line":89,"column":8},"end":{"line":89,"column":2996}},"5":{"start":{"line":95,"column":8},"end":{"line":95,"column":3126}},"6":{"start":{"line":108,"column":8},"end":{"line":108,"column":3447}},"7":{"start":{"line":119,"column":8},"end":{"line":119,"column":37}}},"branchMap":{"1":{"line":83,"type":"if","locations":[{"start":{"line":83,"column":8},"end":{"line":83,"column":8}},{"start":{"line":83,"column":8},"end":{"line":83,"column":8}}]}}},
"contracts/ExhibitNFT.sol":{"l":{"43":13,"44":13,"45":13,"46":13,"48":13,"49":13,"50":13,"53":13,"67":16,"68":16,"69":16,"70":16,"71":16,"75":1,"79":0},"path":"/home/thomasmg/SummitShare/Source/Revenue-Sharing-Source/packages/contracts/contracts/ExhibitNFT.sol","s":{"1":13,"2":16,"3":16,"4":16,"5":16,"6":1},"b":{"1":[16,0],"2":[0,0]},"f":{"1":13,"2":16,"3":1,"4":0},"fnMap":{"1":{"name":"constructor","line":42,"loc":{"start":{"line":32,"column":4},"end":{"line":64,"column":4}}},"2":{"name":"mintTicket","line":66,"loc":{"start":{"line":66,"column":4},"end":{"line":72,"column":4}}},"3":{"name":"_baseURI","line":74,"loc":{"start":{"line":74,"column":4},"end":{"line":76,"column":4}}},"4":{"name":"setBaseURI","line":78,"loc":{"start":{"line":78,"column":4},"end":{"line":80,"column":4}}}},"statementMap":{"1":{"start":{"line":53,"column":8},"end":{"line":53,"column":1422}},"2":{"start":{"line":67,"column":8},"end":{"line":67,"column":37}},"3":{"start":{"line":69,"column":8},"end":{"line":69,"column":29}},"4":{"start":{"line":70,"column":8},"end":{"line":70,"column":53}},"5":{"start":{"line":71,"column":8},"end":{"line":71,"column":22}},"6":{"start":{"line":75,"column":8},"end":{"line":75,"column":22}}},"branchMap":{"1":{"line":66,"type":"if","locations":[{"start":{"line":66,"column":45},"end":{"line":66,"column":45}},{"start":{"line":66,"column":45},"end":{"line":66,"column":45}}]},"2":{"line":78,"type":"if","locations":[{"start":{"line":78,"column":59},"end":{"line":78,"column":59}},{"start":{"line":78,"column":59},"end":{"line":78,"column":59}}]}}},
"contracts/MUSDC.sol":{"l":{"11":7},"path":"/home/thomasmg/SummitShare/Source/Revenue-Sharing-Source/packages/contracts/contracts/MUSDC.sol","s":{"1":7},"b":{},"f":{"1":7},"fnMap":{"1":{"name":"constructor","line":10,"loc":{"start":{"line":10,"column":4},"end":{"line":12,"column":4}}}},"statementMap":{"1":{"start":{"line":11,"column":8},"end":{"line":11,"column":40}}},"branchMap":{}},
"contracts/Museum.sol":{"l":{"25":5,"27":5,"39":7,"41":7,"53":13,"54":13,"56":13,"57":13,"60":13,"61":13,"63":13,"65":13,"72":1,"73":1},"path":"/home/thomasmg/SummitShare/Source/Revenue-Sharing-Source/packages/contracts/contracts/Museum.sol","s":{"1":5,"2":7,"3":13,"4":13,"5":13,"6":13,"7":13,"8":13,"9":13,"10":13,"11":1,"12":1},"b":{"1":[7,1],"2":[13,0],"3":[13,0],"4":[13,0]},"f":{"1":5,"2":7,"3":13,"4":1},"fnMap":{"1":{"name":"constructor","line":24,"loc":{"start":{"line":24,"column":4},"end":{"line":28,"column":4}}},"2":{"name":"curateExhibit","line":38,"loc":{"start":{"line":35,"column":4},"end":{"line":42,"column":4}}},"3":{"name":"purchaseTicket","line":49,"loc":{"start":{"line":49,"column":4},"end":{"line":66,"column":4}}},"4":{"name":"verifyTicketOwnership","line":68,"loc":{"start":{"line":68,"column":4},"end":{"line":74,"column":4}}}},"statementMap":{"1":{"start":{"line":27,"column":8},"end":{"line":27,"column":70}},"2":{"start":{"line":41,"column":8},"end":{"line":41,"column":71}},"3":{"start":{"line":53,"column":8},"end":{"line":53,"column":48}},"4":{"start":{"line":54,"column":8},"end":{"line":54,"column":73}},"5":{"start":{"line":56,"column":8},"end":{"line":56,"column":51}},"6":{"start":{"line":57,"column":8},"end":{"line":57,"column":68}},"7":{"start":{"line":60,"column":8},"end":{"line":60,"column":57}},"8":{"start":{"line":61,"column":8},"end":{"line":61,"column":78}},"9":{"start":{"line":63,"column":8},"end":{"line":63,"column":56}},"10":{"start":{"line":65,"column":8},"end":{"line":65,"column":67}},"11":{"start":{"line":72,"column":8},"end":{"line":72,"column":48}},"12":{"start":{"line":73,"column":8},"end":{"line":73,"column":42}}},"branchMap":{"1":{"line":38,"type":"if","locations":[{"start":{"line":38,"column":15},"end":{"line":38,"column":15}},{"start":{"line":38,"column":15},"end":{"line":38,"column":15}}]},"2":{"line":54,"type":"if","locations":[{"start":{"line":54,"column":8},"end":{"line":54,"column":8}},{"start":{"line":54,"column":8},"end":{"line":54,"column":8}}]},"3":{"line":57,"type":"if","locations":[{"start":{"line":57,"column":8},"end":{"line":57,"column":8}},{"start":{"line":57,"column":8},"end":{"line":57,"column":8}}]},"4":{"line":61,"type":"if","locations":[{"start":{"line":61,"column":8},"end":{"line":61,"column":8}},{"start":{"line":61,"column":8},"end":{"line":61,"column":8}}]}}}}
