TN:
SF:/home/thomasmg/SummitShare/Source/Revenue-Sharing-Source/packages/contracts/contracts/ArtifactNFT.sol
FN:18,constructor
FN:22,mint
FN:28,_baseURI
FN:32,tokenURI
FN:39,setBaseURI
FNF:5
FNH:4
FNDA:10,constructor
FNDA:2,mint
FNDA:1,_baseURI
FNDA:1,tokenURI
FNDA:0,setBaseURI
DA:19,10
DA:23,2
DA:24,2
DA:29,1
DA:36,1
DA:40,0
LF:6
LH:5
BRDA:22,1,0,2
BRDA:22,1,1,0
BRDA:39,2,0,0
BRDA:39,2,1,0
BRF:4
BRH:1
end_of_record
TN:
SF:/home/thomasmg/SummitShare/Source/Revenue-Sharing-Source/packages/contracts/contracts/ConversionContract.sol
FN:16,setStorageContract
FN:22,onlyController
FN:27,constructor
FN:36,initialize
FN:52,initialApprove
FN:56,convertUSDTtoUSDC
FNF:6
FNH:0
FNDA:0,setStorageContract
FNDA:0,onlyController
FNDA:0,constructor
FNDA:0,initialize
FNDA:0,initialApprove
FNDA:0,convertUSDTtoUSDC
DA:17,0
DA:23,0
DA:24,0
DA:43,0
DA:45,0
DA:46,0
DA:47,0
DA:48,0
DA:49,0
DA:53,0
DA:57,0
DA:58,0
DA:59,0
DA:61,0
DA:63,0
DA:73,0
DA:74,0
LF:17
LH:0
BRDA:23,1,0,0
BRDA:23,1,1,0
BRDA:43,2,0,0
BRDA:43,2,1,0
BRDA:52,3,0,0
BRDA:52,3,1,0
BRDA:56,4,0,0
BRDA:56,4,1,0
BRF:8
BRH:0
end_of_record
TN:
SF:/home/thomasmg/SummitShare/Source/Revenue-Sharing-Source/packages/contracts/contracts/EventEscrow.sol
FN:12,onlyBeneficiary
FN:25,constructor
FN:49,distributePayments
FN:62,numBeneficiaries
FNF:4
FNH:3
FNDA:2,onlyBeneficiary
FNDA:13,constructor
FNDA:2,distributePayments
FNDA:0,numBeneficiaries
DA:13,2
DA:14,2
DA:30,13
DA:34,13
DA:35,13
DA:37,13
DA:38,27
DA:39,27
DA:41,13
DA:50,2
DA:51,2
DA:53,2
DA:54,4
DA:55,4
DA:57,4
DA:58,4
DA:63,0
LF:17
LH:16
BRDA:13,1,0,2
BRDA:13,1,1,0
BRDA:30,2,0,13
BRDA:30,2,1,0
BRDA:49,3,0,2
BRDA:49,3,1,0
BRDA:51,4,0,2
BRDA:51,4,1,0
BRF:8
BRH:4
end_of_record
TN:
SF:/home/thomasmg/SummitShare/Source/Revenue-Sharing-Source/packages/contracts/contracts/EventOrganizerService.sol
FN:27,constructor
FN:39,deployArtifactNFT
FN:70,organizeExhibit
FN:116,getExhibitNFTAddress
FNF:4
FNH:3
FNDA:5,constructor
FNDA:0,deployArtifactNFT
FNDA:13,organizeExhibit
FNDA:3,getExhibitNFTAddress
DA:28,5
DA:29,5
DA:46,0
DA:48,0
DA:83,13
DA:89,12
DA:95,12
DA:106,12
DA:108,12
DA:119,3
LF:10
LH:8
BRDA:83,1,0,12
BRDA:83,1,1,1
BRF:2
BRH:2
end_of_record
TN:
SF:/home/thomasmg/SummitShare/Source/Revenue-Sharing-Source/packages/contracts/contracts/ExhibitNFT.sol
FN:42,constructor
FN:66,mintTicket
FN:74,_baseURI
FN:78,setBaseURI
FNF:4
FNH:3
FNDA:13,constructor
FNDA:16,mintTicket
FNDA:1,_baseURI
FNDA:0,setBaseURI
DA:43,13
DA:44,13
DA:45,13
DA:46,13
DA:48,13
DA:49,13
DA:50,13
DA:53,13
DA:67,16
DA:68,16
DA:69,16
DA:70,16
DA:71,16
DA:75,1
DA:79,0
LF:15
LH:14
BRDA:66,1,0,16
BRDA:66,1,1,0
BRDA:78,2,0,0
BRDA:78,2,1,0
BRF:4
BRH:1
end_of_record
TN:
SF:/home/thomasmg/SummitShare/Source/Revenue-Sharing-Source/packages/contracts/contracts/MUSDC.sol
FN:10,constructor
FNF:1
FNH:1
FNDA:7,constructor
DA:11,7
LF:1
LH:1
BRF:0
BRH:0
end_of_record
TN:
SF:/home/thomasmg/SummitShare/Source/Revenue-Sharing-Source/packages/contracts/contracts/Museum.sol
FN:24,constructor
FN:38,curateExhibit
FN:49,purchaseTicket
FN:68,verifyTicketOwnership
FNF:4
FNH:4
FNDA:5,constructor
FNDA:7,curateExhibit
FNDA:13,purchaseTicket
FNDA:1,verifyTicketOwnership
DA:25,5
DA:27,5
DA:39,7
DA:41,7
DA:53,13
DA:54,13
DA:56,13
DA:57,13
DA:60,13
DA:61,13
DA:63,13
DA:65,13
DA:72,1
DA:73,1
LF:14
LH:14
BRDA:38,1,0,7
BRDA:38,1,1,1
BRDA:54,2,0,13
BRDA:54,2,1,0
BRDA:57,3,0,13
BRDA:57,3,1,0
BRDA:61,4,0,13
BRDA:61,4,1,0
BRF:8
BRH:5
end_of_record
