TN:
SF:/home/qb/git/daodesigner/Revenue-Sharing-Source/packages/contracts/contracts/ConversionContract.sol
FN:16,setStorageContract
FN:22,onlyController
FN:27,constructor
FN:36,initialize
FN:52,initialApprove
FN:56,convertUSDTtoUSDC
FNF:6
FNH:0
FNDA:0,setStorageContract
FNDA:0,onlyController
FNDA:0,constructor
FNDA:0,initialize
FNDA:0,initialApprove
FNDA:0,convertUSDTtoUSDC
DA:17,0
DA:23,0
DA:24,0
DA:43,0
DA:45,0
DA:46,0
DA:47,0
DA:48,0
DA:49,0
DA:53,0
DA:57,0
DA:58,0
DA:59,0
DA:61,0
DA:63,0
DA:73,0
DA:74,0
LF:17
LH:0
BRDA:23,1,0,0
BRDA:23,1,1,0
BRDA:43,2,0,0
BRDA:43,2,1,0
BRDA:52,3,0,0
BRDA:52,3,1,0
BRDA:56,4,0,0
BRDA:56,4,1,0
BRF:8
BRH:0
end_of_record
TN:
SF:/home/qb/git/daodesigner/Revenue-Sharing-Source/packages/contracts/contracts/EventEscrow.sol
FN:11,onlyBeneficiary
FN:18,constructor
FN:27,distributePayments
FNF:3
FNH:3
FNDA:1,onlyBeneficiary
FNDA:6,constructor
FNDA:1,distributePayments
DA:12,1
DA:13,1
DA:19,6
DA:20,6
DA:21,6
DA:22,6
DA:23,13
DA:28,1
DA:29,1
DA:31,1
DA:32,2
DA:33,2
DA:34,2
DA:35,2
LF:14
LH:14
BRDA:12,1,0,1
BRDA:12,1,1,0
BRDA:19,2,0,6
BRDA:19,2,1,0
BRDA:27,3,0,1
BRDA:27,3,1,0
BRDA:29,4,0,1
BRDA:29,4,1,0
BRF:8
BRH:4
end_of_record
TN:
SF:/home/qb/git/daodesigner/Revenue-Sharing-Source/packages/contracts/contracts/EventOrganizerService.sol
FN:14,constructor
FN:19,organizeExhibit
FNF:2
FNH:2
FNDA:2,constructor
FNDA:7,organizeExhibit
DA:15,2
DA:16,2
DA:27,7
DA:29,6
DA:30,6
DA:31,6
DA:32,6
LF:7
LH:7
BRDA:27,1,0,6
BRDA:27,1,1,1
BRF:2
BRH:2
end_of_record
TN:
SF:/home/qb/git/daodesigner/Revenue-Sharing-Source/packages/contracts/contracts/ExhibitNFT.sol
FN:23,constructor
FN:29,mintTicket
FNF:2
FNH:2
FNDA:6,constructor
FNDA:4,mintTicket
DA:24,6
DA:25,6
DA:26,6
DA:30,4
DA:31,4
DA:32,4
DA:33,4
DA:34,4
LF:8
LH:8
BRDA:29,1,0,4
BRDA:29,1,1,0
BRF:2
BRH:1
end_of_record
TN:
SF:/home/qb/git/daodesigner/Revenue-Sharing-Source/packages/contracts/contracts/MUSDC.sol
FN:10,constructor
FNF:1
FNH:1
FNDA:3,constructor
DA:11,3
LF:1
LH:1
BRF:0
BRH:0
end_of_record
TN:
SF:/home/qb/git/daodesigner/Revenue-Sharing-Source/packages/contracts/contracts/Museum.sol
FN:14,constructor
FN:21,curateExhibit
FN:26,purchaseTicket
FN:42,verifyTicketOwnership
FNF:4
FNH:4
FNDA:2,constructor
FNDA:4,curateExhibit
FNDA:4,purchaseTicket
FNDA:1,verifyTicketOwnership
DA:15,2
DA:22,4
DA:23,4
DA:27,4
DA:28,4
DA:30,4
DA:31,4
DA:34,4
DA:35,4
DA:37,4
DA:39,4
DA:46,1
DA:47,1
LF:13
LH:13
BRDA:21,1,0,4
BRDA:21,1,1,1
BRDA:28,2,0,4
BRDA:28,2,1,0
BRDA:31,3,0,4
BRDA:31,3,1,0
BRF:6
BRH:4
end_of_record
